{"/Users/rehmanaziz/projects/task-management-system/backend/server.js": {"path":"/Users/rehmanaziz/projects/task-management-system/backend/server.js","statementMap":{"0":{"start":{"line":1,"column":0},"end":{"line":1,"column":27}},"1":{"start":{"line":2,"column":16},"end":{"line":2,"column":34}},"2":{"start":{"line":3,"column":32},"end":{"line":3,"column":54}},"3":{"start":{"line":4,"column":19},"end":{"line":4,"column":50}},"4":{"start":{"line":5,"column":19},"end":{"line":5,"column":49}},"5":{"start":{"line":6,"column":24},"end":{"line":6,"column":63}},"6":{"start":{"line":7,"column":21},"end":{"line":7,"column":58}},"7":{"start":{"line":8,"column":21},"end":{"line":8,"column":45}},"8":{"start":{"line":9,"column":13},"end":{"line":9,"column":28}},"9":{"start":{"line":10,"column":20},"end":{"line":10,"column":44}},"10":{"start":{"line":11,"column":22},"end":{"line":11,"column":70}},"11":{"start":{"line":14,"column":13},"end":{"line":14,"column":29}},"12":{"start":{"line":15,"column":12},"end":{"line":15,"column":21}},"13":{"start":{"line":18,"column":0},"end":{"line":18,"column":72}},"14":{"start":{"line":18,"column":37},"end":{"line":18,"column":72}},"15":{"start":{"line":21,"column":0},"end":{"line":21,"column":27}},"16":{"start":{"line":22,"column":0},"end":{"line":22,"column":24}},"17":{"start":{"line":23,"column":0},"end":{"line":23,"column":24}},"18":{"start":{"line":24,"column":0},"end":{"line":24,"column":23}},"19":{"start":{"line":25,"column":0},"end":{"line":25,"column":33}},"20":{"start":{"line":26,"column":0},"end":{"line":26,"column":47}},"21":{"start":{"line":29,"column":0},"end":{"line":29,"column":22}},"22":{"start":{"line":31,"column":0},"end":{"line":31,"column":21}}},"fnMap":{},"branchMap":{"0":{"loc":{"start":{"line":18,"column":0},"end":{"line":18,"column":72}},"type":"if","locations":[{"start":{"line":18,"column":0},"end":{"line":18,"column":72}},{"start":{},"end":{}}],"line":18}},"s":{"0":2,"1":2,"2":2,"3":2,"4":2,"5":2,"6":2,"7":2,"8":2,"9":2,"10":2,"11":2,"12":2,"13":2,"14":0,"15":2,"16":2,"17":2,"18":2,"19":2,"20":2,"21":2,"22":2},"f":{},"b":{"0":[0,2]},"_coverageSchema":"1a1c01bbd47fc00a2c39e90264f33305004495a9","hash":"4c31ee27055c11fb6d34547a8fac62abec16af50"}
,"/Users/rehmanaziz/projects/task-management-system/backend/config/cors.js": {"path":"/Users/rehmanaziz/projects/task-management-system/backend/config/cors.js","statementMap":{"0":{"start":{"line":1,"column":20},"end":{"line":6,"column":1}},"1":{"start":{"line":8,"column":0},"end":{"line":8,"column":29}}},"fnMap":{},"branchMap":{},"s":{"0":2,"1":2},"f":{},"b":{},"_coverageSchema":"1a1c01bbd47fc00a2c39e90264f33305004495a9","hash":"e82623497abd9940d00277cf6d0df6c574dcba23"}
,"/Users/rehmanaziz/projects/task-management-system/backend/config/db.js": {"path":"/Users/rehmanaziz/projects/task-management-system/backend/config/db.js","statementMap":{"0":{"start":{"line":1,"column":17},"end":{"line":1,"column":36}},"1":{"start":{"line":3,"column":15},"end":{"line":3,"column":39}},"2":{"start":{"line":5,"column":0},"end":{"line":8,"column":2}},"3":{"start":{"line":6,"column":2},"end":{"line":6,"column":33}},"4":{"start":{"line":7,"column":2},"end":{"line":7,"column":74}},"5":{"start":{"line":7,"column":25},"end":{"line":7,"column":72}}},"fnMap":{"0":{"name":"(anonymous_0)","decl":{"start":{"line":5,"column":17},"end":{"line":5,"column":18}},"loc":{"start":{"line":5,"column":38},"end":{"line":8,"column":1}},"line":5},"1":{"name":"(anonymous_1)","decl":{"start":{"line":7,"column":19},"end":{"line":7,"column":20}},"loc":{"start":{"line":7,"column":25},"end":{"line":7,"column":72}},"line":7}},"branchMap":{},"s":{"0":2,"1":2,"2":2,"3":0,"4":0,"5":0},"f":{"0":0,"1":0},"b":{},"_coverageSchema":"1a1c01bbd47fc00a2c39e90264f33305004495a9","hash":"ac87c9f845e7133bc06ffa62fef7174f97a57a66"}
,"/Users/rehmanaziz/projects/task-management-system/backend/controllers/authController.js": {"path":"/Users/rehmanaziz/projects/task-management-system/backend/controllers/authController.js","statementMap":{"0":{"start":{"line":1,"column":13},"end":{"line":1,"column":43}},"1":{"start":{"line":2,"column":12},"end":{"line":2,"column":35}},"2":{"start":{"line":3,"column":15},"end":{"line":3,"column":32}},"3":{"start":{"line":5,"column":17},"end":{"line":37,"column":1}},"4":{"start":{"line":6,"column":2},"end":{"line":36,"column":3}},"5":{"start":{"line":7,"column":41},"end":{"line":7,"column":54}},"6":{"start":{"line":9,"column":4},"end":{"line":13,"column":5}},"7":{"start":{"line":10,"column":6},"end":{"line":12,"column":63}},"8":{"start":{"line":15,"column":4},"end":{"line":18,"column":76}},"9":{"start":{"line":16,"column":6},"end":{"line":18,"column":76}},"10":{"start":{"line":20,"column":17},"end":{"line":24,"column":6}},"11":{"start":{"line":25,"column":4},"end":{"line":25,"column":22}},"12":{"start":{"line":27,"column":4},"end":{"line":33,"column":7}},"13":{"start":{"line":30,"column":10},"end":{"line":30,"column":30}},"14":{"start":{"line":35,"column":4},"end":{"line":35,"column":14}},"15":{"start":{"line":39,"column":21},"end":{"line":83,"column":1}},"16":{"start":{"line":40,"column":2},"end":{"line":82,"column":3}},"17":{"start":{"line":41,"column":35},"end":{"line":41,"column":48}},"18":{"start":{"line":43,"column":4},"end":{"line":46,"column":63}},"19":{"start":{"line":44,"column":6},"end":{"line":46,"column":63}},"20":{"start":{"line":48,"column":17},"end":{"line":48,"column":76}},"21":{"start":{"line":50,"column":4},"end":{"line":51,"column":69}},"22":{"start":{"line":51,"column":6},"end":{"line":51,"column":69}},"23":{"start":{"line":53,"column":24},"end":{"line":57,"column":5}},"24":{"start":{"line":58,"column":25},"end":{"line":62,"column":5}},"25":{"start":{"line":63,"column":4},"end":{"line":79,"column":9}},"26":{"start":{"line":76,"column":12},"end":{"line":76,"column":32}},"27":{"start":{"line":81,"column":4},"end":{"line":81,"column":14}},"28":{"start":{"line":85,"column":25},"end":{"line":110,"column":1}},"29":{"start":{"line":86,"column":2},"end":{"line":109,"column":3}},"30":{"start":{"line":87,"column":25},"end":{"line":87,"column":49}},"31":{"start":{"line":88,"column":4},"end":{"line":91,"column":66}},"32":{"start":{"line":89,"column":6},"end":{"line":91,"column":66}},"33":{"start":{"line":93,"column":24},"end":{"line":96,"column":5}},"34":{"start":{"line":98,"column":24},"end":{"line":104,"column":5}},"35":{"start":{"line":106,"column":4},"end":{"line":106,"column":79}},"36":{"start":{"line":108,"column":4},"end":{"line":108,"column":14}},"37":{"start":{"line":112,"column":15},"end":{"line":118,"column":1}},"38":{"start":{"line":113,"column":2},"end":{"line":113,"column":61}},"39":{"start":{"line":113,"column":34},"end":{"line":113,"column":61}},"40":{"start":{"line":115,"column":2},"end":{"line":117,"column":55}},"41":{"start":{"line":120,"column":0},"end":{"line":120,"column":70}}},"fnMap":{"0":{"name":"(anonymous_0)","decl":{"start":{"line":5,"column":17},"end":{"line":5,"column":18}},"loc":{"start":{"line":5,"column":43},"end":{"line":37,"column":1}},"line":5},"1":{"name":"(anonymous_1)","decl":{"start":{"line":29,"column":19},"end":{"line":29,"column":20}},"loc":{"start":{"line":29,"column":33},"end":{"line":31,"column":9}},"line":29},"2":{"name":"(anonymous_2)","decl":{"start":{"line":39,"column":21},"end":{"line":39,"column":22}},"loc":{"start":{"line":39,"column":47},"end":{"line":83,"column":1}},"line":39},"3":{"name":"(anonymous_3)","decl":{"start":{"line":75,"column":21},"end":{"line":75,"column":22}},"loc":{"start":{"line":75,"column":35},"end":{"line":77,"column":11}},"line":75},"4":{"name":"(anonymous_4)","decl":{"start":{"line":85,"column":25},"end":{"line":85,"column":26}},"loc":{"start":{"line":85,"column":45},"end":{"line":110,"column":1}},"line":85},"5":{"name":"(anonymous_5)","decl":{"start":{"line":112,"column":15},"end":{"line":112,"column":16}},"loc":{"start":{"line":112,"column":29},"end":{"line":118,"column":1}},"line":112}},"branchMap":{"0":{"loc":{"start":{"line":9,"column":4},"end":{"line":13,"column":5}},"type":"if","locations":[{"start":{"line":9,"column":4},"end":{"line":13,"column":5}},{"start":{},"end":{}}],"line":9},"1":{"loc":{"start":{"line":9,"column":8},"end":{"line":9,"column":39}},"type":"binary-expr","locations":[{"start":{"line":9,"column":8},"end":{"line":9,"column":13}},{"start":{"line":9,"column":17},"end":{"line":9,"column":26}},{"start":{"line":9,"column":30},"end":{"line":9,"column":39}}],"line":9},"2":{"loc":{"start":{"line":15,"column":4},"end":{"line":18,"column":76}},"type":"if","locations":[{"start":{"line":15,"column":4},"end":{"line":18,"column":76}},{"start":{},"end":{}}],"line":15},"3":{"loc":{"start":{"line":43,"column":4},"end":{"line":46,"column":63}},"type":"if","locations":[{"start":{"line":43,"column":4},"end":{"line":46,"column":63}},{"start":{},"end":{}}],"line":43},"4":{"loc":{"start":{"line":43,"column":8},"end":{"line":43,"column":30}},"type":"binary-expr","locations":[{"start":{"line":43,"column":8},"end":{"line":43,"column":17}},{"start":{"line":43,"column":21},"end":{"line":43,"column":30}}],"line":43},"5":{"loc":{"start":{"line":50,"column":4},"end":{"line":51,"column":69}},"type":"if","locations":[{"start":{"line":50,"column":4},"end":{"line":51,"column":69}},{"start":{},"end":{}}],"line":50},"6":{"loc":{"start":{"line":50,"column":8},"end":{"line":50,"column":65}},"type":"binary-expr","locations":[{"start":{"line":50,"column":8},"end":{"line":50,"column":13}},{"start":{"line":50,"column":17},"end":{"line":50,"column":65}}],"line":50},"7":{"loc":{"start":{"line":67,"column":12},"end":{"line":70,"column":9}},"type":"binary-expr","locations":[{"start":{"line":67,"column":12},"end":{"line":67,"column":49}},{"start":{"line":67,"column":53},"end":{"line":70,"column":9}}],"line":67},"8":{"loc":{"start":{"line":88,"column":4},"end":{"line":91,"column":66}},"type":"if","locations":[{"start":{"line":88,"column":4},"end":{"line":91,"column":66}},{"start":{},"end":{}}],"line":88},"9":{"loc":{"start":{"line":113,"column":2},"end":{"line":113,"column":61}},"type":"if","locations":[{"start":{"line":113,"column":2},"end":{"line":113,"column":61}},{"start":{},"end":{}}],"line":113}},"s":{"0":2,"1":2,"2":2,"3":2,"4":1,"5":1,"6":1,"7":0,"8":1,"9":0,"10":1,"11":1,"12":1,"13":1,"14":0,"15":2,"16":1,"17":1,"18":1,"19":0,"20":1,"21":1,"22":0,"23":1,"24":1,"25":1,"26":1,"27":0,"28":2,"29":2,"30":2,"31":2,"32":1,"33":1,"34":1,"35":1,"36":0,"37":2,"38":2,"39":1,"40":1,"41":2},"f":{"0":1,"1":1,"2":1,"3":1,"4":2,"5":2},"b":{"0":[0,1],"1":[1,1,1],"2":[0,1],"3":[0,1],"4":[1,1],"5":[0,1],"6":[1,1],"7":[1,0],"8":[1,1],"9":[1,1]},"_coverageSchema":"1a1c01bbd47fc00a2c39e90264f33305004495a9","hash":"c37a55701637690d33743ec2ac4efc318c7fd986"}
,"/Users/rehmanaziz/projects/task-management-system/backend/controllers/tasksController.js": {"path":"/Users/rehmanaziz/projects/task-management-system/backend/controllers/tasksController.js","statementMap":{"0":{"start":{"line":1,"column":13},"end":{"line":1,"column":44}},"1":{"start":{"line":2,"column":24},"end":{"line":2,"column":53}},"2":{"start":{"line":4,"column":19},"end":{"line":18,"column":1}},"3":{"start":{"line":5,"column":2},"end":{"line":17,"column":3}},"4":{"start":{"line":6,"column":19},"end":{"line":6,"column":73}},"5":{"start":{"line":8,"column":17},"end":{"line":11,"column":6}},"6":{"start":{"line":12,"column":4},"end":{"line":12,"column":22}},"7":{"start":{"line":14,"column":4},"end":{"line":14,"column":45}},"8":{"start":{"line":16,"column":4},"end":{"line":16,"column":14}},"9":{"start":{"line":20,"column":19},"end":{"line":34,"column":1}},"10":{"start":{"line":21,"column":2},"end":{"line":33,"column":3}},"11":{"start":{"line":22,"column":19},"end":{"line":22,"column":73}},"12":{"start":{"line":24,"column":25},"end":{"line":24,"column":42}},"13":{"start":{"line":25,"column":18},"end":{"line":28,"column":13}},"14":{"start":{"line":30,"column":4},"end":{"line":30,"column":31}},"15":{"start":{"line":32,"column":4},"end":{"line":32,"column":14}},"16":{"start":{"line":36,"column":19},"end":{"line":50,"column":1}},"17":{"start":{"line":37,"column":2},"end":{"line":49,"column":3}},"18":{"start":{"line":38,"column":25},"end":{"line":38,"column":38}},"19":{"start":{"line":39,"column":4},"end":{"line":41,"column":14}},"20":{"start":{"line":43,"column":4},"end":{"line":46,"column":7}},"21":{"start":{"line":48,"column":4},"end":{"line":48,"column":14}},"22":{"start":{"line":52,"column":19},"end":{"line":67,"column":1}},"23":{"start":{"line":53,"column":2},"end":{"line":66,"column":3}},"24":{"start":{"line":54,"column":20},"end":{"line":57,"column":12}},"25":{"start":{"line":59,"column":4},"end":{"line":63,"column":7}},"26":{"start":{"line":65,"column":4},"end":{"line":65,"column":14}},"27":{"start":{"line":69,"column":0},"end":{"line":69,"column":68}}},"fnMap":{"0":{"name":"(anonymous_0)","decl":{"start":{"line":4,"column":19},"end":{"line":4,"column":20}},"loc":{"start":{"line":4,"column":45},"end":{"line":18,"column":1}},"line":4},"1":{"name":"(anonymous_1)","decl":{"start":{"line":20,"column":19},"end":{"line":20,"column":20}},"loc":{"start":{"line":20,"column":45},"end":{"line":34,"column":1}},"line":20},"2":{"name":"(anonymous_2)","decl":{"start":{"line":36,"column":19},"end":{"line":36,"column":20}},"loc":{"start":{"line":36,"column":45},"end":{"line":50,"column":1}},"line":36},"3":{"name":"(anonymous_3)","decl":{"start":{"line":52,"column":19},"end":{"line":52,"column":20}},"loc":{"start":{"line":52,"column":45},"end":{"line":67,"column":1}},"line":52}},"branchMap":{"0":{"loc":{"start":{"line":27,"column":10},"end":{"line":27,"column":50}},"type":"binary-expr","locations":[{"start":{"line":27,"column":10},"end":{"line":27,"column":22}},{"start":{"line":27,"column":26},"end":{"line":27,"column":50}}],"line":27}},"s":{"0":2,"1":2,"2":2,"3":1,"4":1,"5":1,"6":1,"7":1,"8":0,"9":2,"10":1,"11":1,"12":1,"13":1,"14":1,"15":0,"16":2,"17":1,"18":1,"19":1,"20":1,"21":0,"22":2,"23":1,"24":1,"25":1,"26":0,"27":2},"f":{"0":1,"1":1,"2":1,"3":1},"b":{"0":[1,0]},"_coverageSchema":"1a1c01bbd47fc00a2c39e90264f33305004495a9","hash":"8a5d86ce59aa791c224993781603557d384ec6b5"}
,"/Users/rehmanaziz/projects/task-management-system/backend/middlewares/authMiddleware.js": {"path":"/Users/rehmanaziz/projects/task-management-system/backend/middlewares/authMiddleware.js","statementMap":{"0":{"start":{"line":1,"column":12},"end":{"line":1,"column":35}},"1":{"start":{"line":3,"column":20},"end":{"line":13,"column":1}},"2":{"start":{"line":4,"column":16},"end":{"line":4,"column":40}},"3":{"start":{"line":5,"column":2},"end":{"line":5,"column":71}},"4":{"start":{"line":5,"column":14},"end":{"line":5,"column":71}},"5":{"start":{"line":7,"column":22},"end":{"line":7,"column":41}},"6":{"start":{"line":8,"column":2},"end":{"line":12,"column":3}},"7":{"start":{"line":9,"column":4},"end":{"line":9,"column":73}},"8":{"start":{"line":9,"column":66},"end":{"line":9,"column":73}},"9":{"start":{"line":11,"column":4},"end":{"line":11,"column":67}},"10":{"start":{"line":15,"column":0},"end":{"line":15,"column":33}}},"fnMap":{"0":{"name":"(anonymous_0)","decl":{"start":{"line":3,"column":20},"end":{"line":3,"column":21}},"loc":{"start":{"line":3,"column":40},"end":{"line":13,"column":1}},"line":3}},"branchMap":{"0":{"loc":{"start":{"line":5,"column":2},"end":{"line":5,"column":71}},"type":"if","locations":[{"start":{"line":5,"column":2},"end":{"line":5,"column":71}},{"start":{},"end":{}}],"line":5},"1":{"loc":{"start":{"line":9,"column":4},"end":{"line":9,"column":73}},"type":"if","locations":[{"start":{"line":9,"column":4},"end":{"line":9,"column":73}},{"start":{},"end":{}}],"line":9}},"s":{"0":2,"1":2,"2":4,"3":4,"4":0,"5":4,"6":4,"7":4,"8":4,"9":0,"10":2},"f":{"0":4},"b":{"0":[0,4],"1":[4,0]},"_coverageSchema":"1a1c01bbd47fc00a2c39e90264f33305004495a9","hash":"73595f61789f8307a599787cd7ad42c65a233ff3"}
,"/Users/rehmanaziz/projects/task-management-system/backend/middlewares/errorHandler.js": {"path":"/Users/rehmanaziz/projects/task-management-system/backend/middlewares/errorHandler.js","statementMap":{"0":{"start":{"line":1,"column":0},"end":{"line":9,"column":2}},"1":{"start":{"line":2,"column":2},"end":{"line":8,"column":5}}},"fnMap":{"0":{"name":"(anonymous_0)","decl":{"start":{"line":1,"column":17},"end":{"line":1,"column":18}},"loc":{"start":{"line":1,"column":50},"end":{"line":9,"column":1}},"line":1}},"branchMap":{"0":{"loc":{"start":{"line":4,"column":12},"end":{"line":4,"column":33}},"type":"binary-expr","locations":[{"start":{"line":4,"column":12},"end":{"line":4,"column":26}},{"start":{"line":4,"column":30},"end":{"line":4,"column":33}}],"line":4},"1":{"loc":{"start":{"line":5,"column":13},"end":{"line":5,"column":51}},"type":"binary-expr","locations":[{"start":{"line":5,"column":13},"end":{"line":5,"column":24}},{"start":{"line":5,"column":28},"end":{"line":5,"column":51}}],"line":5},"2":{"loc":{"start":{"line":7,"column":8},"end":{"line":7,"column":69}},"type":"binary-expr","locations":[{"start":{"line":7,"column":8},"end":{"line":7,"column":45}},{"start":{"line":7,"column":49},"end":{"line":7,"column":69}}],"line":7}},"s":{"0":2,"1":0},"f":{"0":0},"b":{"0":[0,0],"1":[0,0],"2":[0,0]},"_coverageSchema":"1a1c01bbd47fc00a2c39e90264f33305004495a9","hash":"74b0ed0b90399a1b547de71a9e92ad719adb5996"}
,"/Users/rehmanaziz/projects/task-management-system/backend/middlewares/requestLoggerMiddleware.js": {"path":"/Users/rehmanaziz/projects/task-management-system/backend/middlewares/requestLoggerMiddleware.js","statementMap":{"0":{"start":{"line":2,"column":20},"end":{"line":2,"column":30}},"1":{"start":{"line":4,"column":22},"end":{"line":4,"column":113}},"2":{"start":{"line":6,"column":2},"end":{"line":6,"column":9}},"3":{"start":{"line":8,"column":18},"end":{"line":8,"column":28}},"4":{"start":{"line":9,"column":23},"end":{"line":9,"column":42}},"5":{"start":{"line":10,"column":22},"end":{"line":14,"column":4}},"6":{"start":{"line":17,"column":0},"end":{"line":17,"column":31}},"7":{"start":{"line":24,"column":38},"end":{"line":24,"column":36922}},"8":{"start":{"line":24,"column":42},"end":{"line":24,"column":36911}},"9":{"start":{"line":24,"column":36947},"end":{"line":24,"column":36987}},"10":{"start":{"line":24,"column":36951},"end":{"line":24,"column":36976}},"11":{"start":{"line":24,"column":36988},"end":{"line":24,"column":36996}},"12":{"start":{"line":24,"column":37021},"end":{"line":24,"column":37063}},"13":{"start":{"line":24,"column":37025},"end":{"line":24,"column":37052}},"14":{"start":{"line":24,"column":37064},"end":{"line":24,"column":37072}},"15":{"start":{"line":24,"column":37091},"end":{"line":24,"column":37128}},"16":{"start":{"line":24,"column":37095},"end":{"line":24,"column":37117}},"17":{"start":{"line":24,"column":37147},"end":{"line":24,"column":37187}},"18":{"start":{"line":24,"column":37151},"end":{"line":24,"column":37176}}},"fnMap":{"0":{"name":"requestLogger","decl":{"start":{"line":1,"column":9},"end":{"line":1,"column":22}},"loc":{"start":{"line":1,"column":39},"end":{"line":15,"column":1}},"line":1},"1":{"name":"oo_cm","decl":{"start":{"line":24,"column":30},"end":{"line":24,"column":35}},"loc":{"start":{"line":24,"column":37},"end":{"line":24,"column":36923}},"line":24},"2":{"name":"oo_oo","decl":{"start":{"line":24,"column":36933},"end":{"line":24,"column":36938}},"loc":{"start":{"line":24,"column":36946},"end":{"line":24,"column":36997}},"line":24},"3":{"name":"oo_tr","decl":{"start":{"line":24,"column":37007},"end":{"line":24,"column":37012}},"loc":{"start":{"line":24,"column":37020},"end":{"line":24,"column":37073}},"line":24},"4":{"name":"oo_ts","decl":{"start":{"line":24,"column":37083},"end":{"line":24,"column":37088}},"loc":{"start":{"line":24,"column":37090},"end":{"line":24,"column":37129}},"line":24},"5":{"name":"oo_te","decl":{"start":{"line":24,"column":37139},"end":{"line":24,"column":37144}},"loc":{"start":{"line":24,"column":37146},"end":{"line":24,"column":37188}},"line":24}},"branchMap":{"0":{"loc":{"start":{"line":24,"column":49},"end":{"line":24,"column":36910}},"type":"binary-expr","locations":[{"start":{"line":24,"column":49},"end":{"line":24,"column":86}},{"start":{"line":24,"column":90},"end":{"line":24,"column":36910}}],"line":24}},"s":{"0":10,"1":10,"2":10,"3":10,"4":10,"5":10,"6":2,"7":20,"8":20,"9":20,"10":20,"11":20,"12":0,"13":0,"14":0,"15":0,"16":0,"17":0,"18":0},"f":{"0":10,"1":20,"2":20,"3":0,"4":0,"5":0},"b":{"0":[20,2]},"_coverageSchema":"1a1c01bbd47fc00a2c39e90264f33305004495a9","hash":"207a4baa56b5c4f09a98bb46f54753aa0fa9fa35"}
,"/Users/rehmanaziz/projects/task-management-system/backend/models/tasksModel.js": {"path":"/Users/rehmanaziz/projects/task-management-system/backend/models/tasksModel.js","statementMap":{"0":{"start":{"line":1,"column":26},"end":{"line":1,"column":45}},"1":{"start":{"line":3,"column":19},"end":{"line":14,"column":1}},"2":{"start":{"line":16,"column":0},"end":{"line":16,"column":43}}},"fnMap":{},"branchMap":{},"s":{"0":3,"1":3,"2":3},"f":{},"b":{},"_coverageSchema":"1a1c01bbd47fc00a2c39e90264f33305004495a9","hash":"033b4fc48ff2fa298e1c278e6c9f2cc9ab96094b"}
,"/Users/rehmanaziz/projects/task-management-system/backend/models/userModel.js": {"path":"/Users/rehmanaziz/projects/task-management-system/backend/models/userModel.js","statementMap":{"0":{"start":{"line":1,"column":26},"end":{"line":1,"column":45}},"1":{"start":{"line":3,"column":19},"end":{"line":7,"column":2}},"2":{"start":{"line":9,"column":0},"end":{"line":9,"column":43}}},"fnMap":{},"branchMap":{},"s":{"0":2,"1":2,"2":2},"f":{},"b":{},"_coverageSchema":"1a1c01bbd47fc00a2c39e90264f33305004495a9","hash":"2e4ed3001e8de75a5ba0177125cd87aa744d5ac3"}
,"/Users/rehmanaziz/projects/task-management-system/backend/routes/authRoutes.js": {"path":"/Users/rehmanaziz/projects/task-management-system/backend/routes/authRoutes.js","statementMap":{"0":{"start":{"line":6,"column":4},"end":{"line":6,"column":44}},"1":{"start":{"line":7,"column":15},"end":{"line":7,"column":42}},"2":{"start":{"line":9,"column":0},"end":{"line":13,"column":38}},"3":{"start":{"line":15,"column":0},"end":{"line":15,"column":24}}},"fnMap":{},"branchMap":{},"s":{"0":2,"1":2,"2":2,"3":2},"f":{},"b":{},"_coverageSchema":"1a1c01bbd47fc00a2c39e90264f33305004495a9","hash":"312b283e538f8afedd3c339c7a1c9e14d5b967ff"}
,"/Users/rehmanaziz/projects/task-management-system/backend/routes/tasksRoutes.js": {"path":"/Users/rehmanaziz/projects/task-management-system/backend/routes/tasksRoutes.js","statementMap":{"0":{"start":{"line":7,"column":4},"end":{"line":7,"column":45}},"1":{"start":{"line":8,"column":15},"end":{"line":8,"column":42}},"2":{"start":{"line":10,"column":0},"end":{"line":10,"column":51}},"3":{"start":{"line":12,"column":0},"end":{"line":12,"column":56}},"4":{"start":{"line":14,"column":0},"end":{"line":14,"column":24}}},"fnMap":{},"branchMap":{},"s":{"0":2,"1":2,"2":2,"3":2,"4":2},"f":{},"b":{},"_coverageSchema":"1a1c01bbd47fc00a2c39e90264f33305004495a9","hash":"140b452f006e435450bc24d48bf1eb2aa1f57b16"}
,"/Users/rehmanaziz/projects/task-management-system/backend/utils/jwtHelper.js": {"path":"/Users/rehmanaziz/projects/task-management-system/backend/utils/jwtHelper.js","statementMap":{"0":{"start":{"line":1,"column":12},"end":{"line":1,"column":35}},"1":{"start":{"line":3,"column":20},"end":{"line":10,"column":1}},"2":{"start":{"line":4,"column":2},"end":{"line":9,"column":3}},"3":{"start":{"line":5,"column":17},"end":{"line":5,"column":67}},"4":{"start":{"line":6,"column":4},"end":{"line":6,"column":52}},"5":{"start":{"line":8,"column":4},"end":{"line":8,"column":16}},"6":{"start":{"line":12,"column":0},"end":{"line":12,"column":33}}},"fnMap":{"0":{"name":"(anonymous_0)","decl":{"start":{"line":3,"column":20},"end":{"line":3,"column":21}},"loc":{"start":{"line":3,"column":31},"end":{"line":10,"column":1}},"line":3}},"branchMap":{},"s":{"0":2,"1":2,"2":2,"3":2,"4":2,"5":0,"6":2},"f":{"0":2},"b":{},"_coverageSchema":"1a1c01bbd47fc00a2c39e90264f33305004495a9","hash":"992719ff0f0bb9ddd380f0ede54d543435f68248"}
}
