TN:
SF:server.js
FNF:0
FNH:0
DA:1,2
DA:2,2
DA:3,2
DA:4,2
DA:5,2
DA:6,2
DA:7,2
DA:8,2
DA:9,2
DA:10,2
DA:11,2
DA:14,2
DA:15,2
DA:18,2
DA:21,2
DA:22,2
DA:23,2
DA:24,2
DA:25,2
DA:26,2
DA:29,2
DA:31,2
LF:22
LH:22
BRDA:18,0,0,0
BRDA:18,0,1,2
BRF:2
BRH:1
end_of_record
TN:
SF:config/cors.js
FNF:0
FNH:0
DA:1,2
DA:8,2
LF:2
LH:2
BRF:0
BRH:0
end_of_record
TN:
SF:config/db.js
FN:5,(anonymous_0)
FN:7,(anonymous_1)
FNF:2
FNH:0
FNDA:0,(anonymous_0)
FNDA:0,(anonymous_1)
DA:1,2
DA:3,2
DA:5,2
DA:6,0
DA:7,0
LF:5
LH:3
BRF:0
BRH:0
end_of_record
TN:
SF:controllers/authController.js
FN:5,(anonymous_0)
FN:29,(anonymous_1)
FN:39,(anonymous_2)
FN:75,(anonymous_3)
FN:85,(anonymous_4)
FN:112,(anonymous_5)
FNF:6
FNH:6
FNDA:1,(anonymous_0)
FNDA:1,(anonymous_1)
FNDA:1,(anonymous_2)
FNDA:1,(anonymous_3)
FNDA:2,(anonymous_4)
FNDA:2,(anonymous_5)
DA:1,2
DA:2,2
DA:3,2
DA:5,2
DA:6,1
DA:7,1
DA:9,1
DA:10,0
DA:15,1
DA:16,0
DA:20,1
DA:25,1
DA:27,1
DA:30,1
DA:35,0
DA:39,2
DA:40,1
DA:41,1
DA:43,1
DA:44,0
DA:48,1
DA:50,1
DA:51,0
DA:53,1
DA:58,1
DA:63,1
DA:76,1
DA:81,0
DA:85,2
DA:86,2
DA:87,2
DA:88,2
DA:89,1
DA:93,1
DA:98,1
DA:106,1
DA:108,0
DA:112,2
DA:113,2
DA:115,1
DA:120,2
LF:41
LH:34
BRDA:9,0,0,0
BRDA:9,0,1,1
BRDA:9,1,0,1
BRDA:9,1,1,1
BRDA:9,1,2,1
BRDA:15,2,0,0
BRDA:15,2,1,1
BRDA:43,3,0,0
BRDA:43,3,1,1
BRDA:43,4,0,1
BRDA:43,4,1,1
BRDA:50,5,0,0
BRDA:50,5,1,1
BRDA:50,6,0,1
BRDA:50,6,1,1
BRDA:67,7,0,1
BRDA:67,7,1,0
BRDA:88,8,0,1
BRDA:88,8,1,1
BRDA:113,9,0,1
BRDA:113,9,1,1
BRF:21
BRH:16
end_of_record
TN:
SF:controllers/tasksController.js
FN:4,(anonymous_0)
FN:20,(anonymous_1)
FN:36,(anonymous_2)
FN:52,(anonymous_3)
FNF:4
FNH:4
FNDA:1,(anonymous_0)
FNDA:1,(anonymous_1)
FNDA:1,(anonymous_2)
FNDA:1,(anonymous_3)
DA:1,2
DA:2,2
DA:4,2
DA:5,1
DA:6,1
DA:8,1
DA:12,1
DA:14,1
DA:16,0
DA:20,2
DA:21,1
DA:22,1
DA:24,1
DA:25,1
DA:30,1
DA:32,0
DA:36,2
DA:37,1
DA:38,1
DA:39,1
DA:43,1
DA:48,0
DA:52,2
DA:53,1
DA:54,1
DA:59,1
DA:65,0
DA:69,2
LF:28
LH:24
BRDA:27,0,0,1
BRDA:27,0,1,0
BRF:2
BRH:1
end_of_record
TN:
SF:middlewares/authMiddleware.js
FN:3,(anonymous_0)
FNF:1
FNH:1
FNDA:4,(anonymous_0)
DA:1,2
DA:3,2
DA:4,4
DA:5,4
DA:7,4
DA:8,4
DA:9,4
DA:11,0
DA:15,2
LF:9
LH:8
BRDA:5,0,0,0
BRDA:5,0,1,4
BRDA:9,1,0,4
BRDA:9,1,1,0
BRF:4
BRH:2
end_of_record
TN:
SF:middlewares/errorHandler.js
FN:1,(anonymous_0)
FNF:1
FNH:0
FNDA:0,(anonymous_0)
DA:1,2
DA:2,0
LF:2
LH:1
BRDA:4,0,0,0
BRDA:4,0,1,0
BRDA:5,1,0,0
BRDA:5,1,1,0
BRDA:7,2,0,0
BRDA:7,2,1,0
BRF:6
BRH:0
end_of_record
TN:
SF:middlewares/requestLoggerMiddleware.js
FN:1,requestLogger
FN:24,oo_cm
FN:24,oo_oo
FN:24,oo_tr
FN:24,oo_ts
FN:24,oo_te
FNF:6
FNH:3
FNDA:10,requestLogger
FNDA:20,oo_cm
FNDA:20,oo_oo
FNDA:0,oo_tr
FNDA:0,oo_ts
FNDA:0,oo_te
DA:2,10
DA:4,10
DA:6,10
DA:8,10
DA:9,10
DA:10,10
DA:17,2
DA:24,20
LF:8
LH:8
BRDA:24,0,0,20
BRDA:24,0,1,2
BRF:2
BRH:2
end_of_record
TN:
SF:models/tasksModel.js
FNF:0
FNH:0
DA:1,3
DA:3,3
DA:16,3
LF:3
LH:3
BRF:0
BRH:0
end_of_record
TN:
SF:models/userModel.js
FNF:0
FNH:0
DA:1,2
DA:3,2
DA:9,2
LF:3
LH:3
BRF:0
BRH:0
end_of_record
TN:
SF:routes/authRoutes.js
FNF:0
FNH:0
DA:6,2
DA:7,2
DA:9,2
DA:15,2
LF:4
LH:4
BRF:0
BRH:0
end_of_record
TN:
SF:routes/tasksRoutes.js
FNF:0
FNH:0
DA:7,2
DA:8,2
DA:10,2
DA:12,2
DA:14,2
LF:5
LH:5
BRF:0
BRH:0
end_of_record
TN:
SF:utils/jwtHelper.js
FN:3,(anonymous_0)
FNF:1
FNH:1
FNDA:2,(anonymous_0)
DA:1,2
DA:3,2
DA:4,2
DA:5,2
DA:6,2
DA:8,0
DA:12,2
LF:7
LH:6
BRF:0
BRH:0
end_of_record
